Exporter version: 6.3.1, Blender version: 2.82 (sub 7)
========= Conversion from Blender to Babylon.js =========
	Scene settings used :
		Inline textures     :  false
		Material Type       :  PBR
		Positions Precision :  4
		Normals Precision   :  3
		UVs Precision       :  3
		Vert Color Precision:  3
		Mat Weight Precision:  2
		Keep Z-up r-handed  :  no
		Texture directory   :  /home/chihab/Documents/BabylonJSProjects/babelJS/public/3D_models/collectable/
	Python World class constructor completed
	processing begun of mesh:  gold
		processing begun of material:  gold
		num positions      :  4198
		num normals        :  4198
		num tangents       :  0
		num uvs            :  8396
		num uvs2           :  0
		num colors         :  0
		num indices        :  4524
========= Writing of JSON file started =========
	writing mesh:  gold
========= Writing of JSON file completed =========
========= end of processing =========
elapsed time:  0 min, 0.7129 secs
