Exporter version: 6.3.1, Blender version: 2.82 (sub 7)
========= Conversion from Blender to Babylon.js =========
	Scene settings used :
		Inline textures     :  false
		Material Type       :  PBR
		Positions Precision :  4
		Normals Precision   :  3
		UVs Precision       :  3
		Vert Color Precision:  3
		Mat Weight Precision:  2
		Keep Z-up r-handed  :  no
		Texture directory   :  /home/chihab/Documents/BabylonJSProjects/babelJS/public/meshes/
	Python World class constructor completed
	WARNING: No active camera has been assigned, or is not in a currently selected Blender layer
	processing begun of mesh:  maze
		processing begun of material:  clay
		processing begun of material:  Material
		processing begun of material:  rock
			processing texture maze
				WARNING: Exception during copy:
					'/home/chihab/Documents/BlenderProjects/BabelJS/../../BabylonJSProjects/babelJS/public/meshes/maze.png' and '/home/chihab/Documents/BabylonJSProjects/babelJS/public/meshes/maze.png' are the same file
				texture type:  diffuseTexture, mapped using: "UVMap"
			processing texture maze
				WARNING: Exception during copy:
					'/home/chihab/Documents/BlenderProjects/BabelJS/../../BabylonJSProjects/babelJS/public/meshes/maze.png' and '/home/chihab/Documents/BabylonJSProjects/babelJS/public/meshes/maze.png' are the same file
				texture type:  diffuseTexture, mapped using: "UVMap"
			processing texture rock
				WARNING: Exception during copy:
					'/home/chihab/Documents/BlenderProjects/BabelJS/../../BabylonJSProjects/babelJS/public/meshes/rock.png' and '/home/chihab/Documents/BabylonJSProjects/babelJS/public/meshes/rock.png' are the same file
				texture type:  diffuseTexture, mapped using: "UVMap"
		processing begun of multimaterial:  platform2.Multimaterial#0
		num positions      :  33041
		num normals        :  33041
		num tangents       :  0
		num uvs            :  66082
		num uvs2           :  0
		num colors         :  0
		num indices        :  37032
========= Writing of JSON file started =========
	writing mesh:  maze
========= Writing of JSON file completed =========
========= end of processing =========
elapsed time:  0 min, 1.6056 secs
